<?xml version="1.0" encoding="UTF-8"?>
<!-- Generated by org.testng.reporters.JUnitXMLReporter -->
<testsuite ignored="0" hostname="DESKTOP-PE8B21G" failures="0" tests="4" name="Default test" time="34.968" errors="0" timestamp="2024-03-11T17:07:45 IST">
  <testcase classname="tediTestNG.TEDIHomepage" name="page" time="3.071"/>
  <testcase classname="tediTestNG.TEDIHomepage" name="Gov" time="7.202"/>
  <testcase classname="tediTestNG.TEDIHomepage" name="Tedi" time="19.567"/>
  <testcase classname="tediTestNG.TEDIHomepage" name="socialmedia" time="5.093"/>
</testsuite> <!-- Default test -->
