<?xml version="1.0" encoding="UTF-8"?>
<testng-results ignored="0" total="4" passed="4" failed="0" skipped="0">
  <reporter-output>
  </reporter-output>
  <suite started-at="2024-03-11T17:07:10 IST" name="Default suite" finished-at="2024-03-11T17:07:45 IST" duration-ms="34968">
    <groups>
    </groups>
    <test started-at="2024-03-11T17:07:10 IST" name="Default test" finished-at="2024-03-11T17:07:45 IST" duration-ms="34968">
      <class name="tediTestNG.TEDIHomepage">
        <test-method signature="page()[pri:1, instance:tediTestNG.TEDIHomepage@72efb5c1]" started-at="2024-03-11T17:07:10 IST" name="page" finished-at="2024-03-11T17:07:13 IST" duration-ms="3071" status="PASS">
          <reporter-output>
          </reporter-output>
        </test-method> <!-- page -->
        <test-method signature="Gov()[pri:2, instance:tediTestNG.TEDIHomepage@72efb5c1]" started-at="2024-03-11T17:07:13 IST" name="Gov" finished-at="2024-03-11T17:07:20 IST" duration-ms="7202" status="PASS">
          <reporter-output>
          </reporter-output>
        </test-method> <!-- Gov -->
        <test-method signature="Tedi()[pri:3, instance:tediTestNG.TEDIHomepage@72efb5c1]" started-at="2024-03-11T17:07:20 IST" name="Tedi" finished-at="2024-03-11T17:07:40 IST" duration-ms="19567" status="PASS">
          <reporter-output>
          </reporter-output>
        </test-method> <!-- Tedi -->
        <test-method signature="socialmedia()[pri:4, instance:tediTestNG.TEDIHomepage@72efb5c1]" started-at="2024-03-11T17:07:40 IST" name="socialmedia" finished-at="2024-03-11T17:07:45 IST" duration-ms="5093" status="PASS">
          <reporter-output>
          </reporter-output>
        </test-method> <!-- socialmedia -->
      </class> <!-- tediTestNG.TEDIHomepage -->
    </test> <!-- Default test -->
  </suite> <!-- Default suite -->
</testng-results>
